# JRE version: OpenJDK Runtime Environment (8.0_212-b04) (build 1.8.0_212-release-1586-b04)
# Java VM: OpenJDK 64-Bit Server VM (25.212-b04 mixed mode windows-amd64 compressed oops)
Heap:
 PSYoungGen      total 231936K, used 146195K [0x00000000e0000000, 0x00000000f6880000, 0x0000000100000000)
  eden space 203776K, 71% used [0x00000000e0000000,0x00000000e8ec4ca8,0x00000000ec700000)
  from space 28160K, 0% used [0x00000000eff00000,0x00000000eff00000,0x00000000f1a80000)
  to   space 57344K, 0% used [0x00000000ec700000,0x00000000ec700000,0x00000000eff00000)
 ParOldGen       total 131072K, used 130888K [0x00000000a0000000, 0x00000000a8000000, 0x00000000e0000000)
  object space 131072K, 99% used [0x00000000a0000000,0x00000000a7fd23e8,0x00000000a8000000)
 Metaspace       used 72181K, capacity 75330K, committed 77096K, reserved 1116160K
  class space    used 9763K, capacity 10436K, committed 10792K, reserved 1048576K
GC Heap History (10 events):
Event: 23.283 GC heap before
{Heap before GC invocations=21 (full 3):
 PSYoungGen      total 198144K, used 198137K [0x00000000e0000000, 0x00000000ef600000, 0x0000000100000000)
  eden space 181248K, 100% used [0x00000000e0000000,0x00000000eb100000,0x00000000eb100000)
  from space 16896K, 99% used [0x00000000eb100000,0x00000000ec17e510,0x00000000ec180000)
  to   space 26112K, 0% used [0x00000000edc80000,0x00000000edc80000,0x00000000ef600000)
 ParOldGen       total 90112K, used 51330K [0x00000000a0000000, 0x00000000a5800000, 0x00000000e0000000)
  object space 90112K, 56% used [0x00000000a0000000,0x00000000a3220818,0x00000000a5800000)
 Metaspace       used 70614K, capacity 74618K, committed 74792K, reserved 1114112K
  class space    used 9712K, capacity 10506K, committed 10536K, reserved 1048576K
Event: 23.342 GC heap after
Heap after GC invocations=21 (full 3):
 PSYoungGen      total 226816K, used 9567K [0x00000000e0000000, 0x00000000eff80000, 0x0000000100000000)
  eden space 200704K, 0% used [0x00000000e0000000,0x00000000e0000000,0x00000000ec400000)
  from space 26112K, 36% used [0x00000000edc80000,0x00000000ee5d7f90,0x00000000ef600000)
  to   space 25088K, 0% used [0x00000000ec400000,0x00000000ec400000,0x00000000edc80000)
 ParOldGen       total 90112K, used 64515K [0x00000000a0000000, 0x00000000a5800000, 0x00000000e0000000)
  object space 90112K, 71% used [0x00000000a0000000,0x00000000a3f00fe8,0x00000000a5800000)
 Metaspace       used 70614K, capacity 74618K, committed 74792K, reserved 1114112K
  class space    used 9712K, capacity 10506K, committed 10536K, reserved 1048576K
}
Event: 25.441 GC heap before
{Heap before GC invocations=22 (full 3):
 PSYoungGen      total 226816K, used 210271K [0x00000000e0000000, 0x00000000eff80000, 0x0000000100000000)
  eden space 200704K, 100% used [0x00000000e0000000,0x00000000ec400000,0x00000000ec400000)
  from space 26112K, 36% used [0x00000000edc80000,0x00000000ee5d7f90,0x00000000ef600000)
  to   space 25088K, 0% used [0x00000000ec400000,0x00000000ec400000,0x00000000edc80000)
 ParOldGen       total 90112K, used 64515K [0x00000000a0000000, 0x00000000a5800000, 0x00000000e0000000)
  object space 90112K, 71% used [0x00000000a0000000,0x00000000a3f00fe8,0x00000000a5800000)
 Metaspace       used 72097K, capacity 76262K, committed 76328K, reserved 1114112K
  class space    used 9902K, capacity 10726K, committed 10792K, reserved 1048576K
Event: 25.471 GC heap after
Heap after GC invocations=22 (full 3):
 PSYoungGen      total 225792K, used 23119K [0x00000000e0000000, 0x00000000f1a80000, 0x0000000100000000)
  eden space 200704K, 0% used [0x00000000e0000000,0x00000000e0000000,0x00000000ec400000)
  from space 25088K, 92% used [0x00000000ec400000,0x00000000eda93de8,0x00000000edc80000)
  to   space 28160K, 0% used [0x00000000eff00000,0x00000000eff00000,0x00000000f1a80000)
 ParOldGen       total 90112K, used 64523K [0x00000000a0000000, 0x00000000a5800000, 0x00000000e0000000)
  object space 90112K, 71% used [0x00000000a0000000,0x00000000a3f02fe8,0x00000000a5800000)
 Metaspace       used 72097K, capacity 76262K, committed 76328K, reserved 1114112K
  class space    used 9902K, capacity 10726K, committed 10792K, reserved 1048576K
}
Event: 26.513 GC heap before
{Heap before GC invocations=23 (full 3):
 PSYoungGen      total 225792K, used 223823K [0x00000000e0000000, 0x00000000f1a80000, 0x0000000100000000)
  eden space 200704K, 100% used [0x00000000e0000000,0x00000000ec400000,0x00000000ec400000)
  from space 25088K, 92% used [0x00000000ec400000,0x00000000eda93de8,0x00000000edc80000)
  to   space 28160K, 0% used [0x00000000eff00000,0x00000000eff00000,0x00000000f1a80000)
 ParOldGen       total 90112K, used 64523K [0x00000000a0000000, 0x00000000a5800000, 0x00000000e0000000)
  object space 90112K, 71% used [0x00000000a0000000,0x00000000a3f02fe8,0x00000000a5800000)
 Metaspace       used 72281K, capacity 76424K, committed 76584K, reserved 1116160K
  class space    used 9904K, capacity 10727K, committed 10792K, reserved 1048576K
Event: 26.693 GC heap after
Heap after GC invocations=23 (full 3):
 PSYoungGen      total 231936K, used 28153K [0x00000000e0000000, 0x00000000f6880000, 0x0000000100000000)
  eden space 203776K, 0% used [0x00000000e0000000,0x00000000e0000000,0x00000000ec700000)
  from space 28160K, 99% used [0x00000000eff00000,0x00000000f1a7e528,0x00000000f1a80000)
  to   space 57344K, 0% used [0x00000000ec700000,0x00000000ec700000,0x00000000eff00000)
 ParOldGen       total 131072K, used 130856K [0x00000000a0000000, 0x00000000a8000000, 0x00000000e0000000)
  object space 131072K, 99% used [0x00000000a0000000,0x00000000a7fca1b0,0x00000000a8000000)
 Metaspace       used 72281K, capacity 76424K, committed 76584K, reserved 1116160K
  class space    used 9904K, capacity 10727K, committed 10792K, reserved 1048576K
}
Event: 26.693 GC heap before
{Heap before GC invocations=24 (full 4):
 PSYoungGen      total 231936K, used 28153K [0x00000000e0000000, 0x00000000f6880000, 0x0000000100000000)
  eden space 203776K, 0% used [0x00000000e0000000,0x00000000e0000000,0x00000000ec700000)
  from space 28160K, 99% used [0x00000000eff00000,0x00000000f1a7e528,0x00000000f1a80000)
  to   space 57344K, 0% used [0x00000000ec700000,0x00000000ec700000,0x00000000eff00000)
 ParOldGen       total 131072K, used 130856K [0x00000000a0000000, 0x00000000a8000000, 0x00000000e0000000)
  object space 131072K, 99% used [0x00000000a0000000,0x00000000a7fca1b0,0x00000000a8000000)
 Metaspace       used 72281K, capacity 76424K, committed 76584K, reserved 1116160K
  class space    used 9904K, capacity 10727K, committed 10792K, reserved 1048576K
Event: 28.258 GC heap after
Heap after GC invocations=24 (full 4):
 PSYoungGen      total 231936K, used 6612K [0x00000000e0000000, 0x00000000f6880000, 0x0000000100000000)
  eden space 203776K, 0% used [0x00000000e0000000,0x00000000e0000000,0x00000000ec700000)
  from space 28160K, 23% used [0x00000000eff00000,0x00000000f05752d0,0x00000000f1a80000)
  to   space 57344K, 0% used [0x00000000ec700000,0x00000000ec700000,0x00000000eff00000)
 ParOldGen       total 131072K, used 130575K [0x00000000a0000000, 0x00000000a8000000, 0x00000000e0000000)
  object space 131072K, 99% used [0x00000000a0000000,0x00000000a7f83f38,0x00000000a8000000)
 Metaspace       used 71719K, capacity 74866K, committed 76584K, reserved 1116160K
  class space    used 9716K, capacity 10394K, committed 10792K, reserved 1048576K
}
Event: 30.577 GC heap before
{Heap before GC invocations=25 (full 5):
 PSYoungGen      total 231936K, used 210388K [0x00000000e0000000, 0x00000000f6880000, 0x0000000100000000)
  eden space 203776K, 100% used [0x00000000e0000000,0x00000000ec700000,0x00000000ec700000)
  from space 28160K, 23% used [0x00000000eff00000,0x00000000f05752d0,0x00000000f1a80000)
  to   space 57344K, 0% used [0x00000000ec700000,0x00000000ec700000,0x00000000eff00000)
 ParOldGen       total 131072K, used 130575K [0x00000000a0000000, 0x00000000a8000000, 0x00000000e0000000)
  object space 131072K, 99% used [0x00000000a0000000,0x00000000a7f83f38,0x00000000a8000000)
 Metaspace       used 71798K, capacity 75004K, committed 76840K, reserved 1116160K
  class space    used 9717K, capacity 10395K, committed 10792K, reserved 1048576K
Event: 31.598 GC heap after
Heap after GC invocations=25 (full 5):
 PSYoungGen      total 231936K, used 38576K [0x00000000e0000000, 0x00000000f6880000, 0x0000000100000000)
  eden space 203776K, 18% used [0x00000000e0000000,0x00000000e25ac278,0x00000000ec700000)
  from space 28160K, 0% used [0x00000000eff00000,0x00000000eff00000,0x00000000f1a80000)
  to   space 57344K, 0% used [0x00000000ec700000,0x00000000ec700000,0x00000000eff00000)
 ParOldGen       total 131072K, used 130888K [0x00000000a0000000, 0x00000000a8000000, 0x00000000e0000000)
  object space 131072K, 99% used [0x00000000a0000000,0x00000000a7fd23e8,0x00000000a8000000)
 Metaspace       used 71798K, capacity 75004K, committed 76840K, reserved 1116160K
  class space    used 9717K, capacity 10395K, committed 10792K, reserved 1048576K
}

