# JRE version: OpenJDK Runtime Environment (8.0_212-b04) (build 1.8.0_212-release-1586-b04)
# Java VM: OpenJDK 64-Bit Server VM (25.212-b04 mixed mode windows-amd64 compressed oops)
Heap:
 PSYoungGen      total 229888K, used 124650K [0x00000000e0000000, 0x00000000f3700000, 0x0000000100000000)
  eden space 182784K, 68% used [0x00000000e0000000,0x00000000e79ba9b0,0x00000000eb280000)
  from space 47104K, 0% used [0x00000000eb280000,0x00000000eb280000,0x00000000ee080000)
  to   space 55808K, 0% used [0x00000000f0080000,0x00000000f0080000,0x00000000f3700000)
 ParOldGen       total 96256K, used 85534K [0x00000000a0000000, 0x00000000a5e00000, 0x00000000e0000000)
  object space 96256K, 88% used [0x00000000a0000000,0x00000000a53878d8,0x00000000a5e00000)
 Metaspace       used 97362K, capacity 102174K, committed 102912K, reserved 1138688K
  class space    used 12609K, capacity 13655K, committed 13824K, reserved 1048576K
GC Heap History (10 events):
Event: 1123.366 GC heap before
{Heap before GC invocations=25 (full 3):
 PSYoungGen      total 168960K, used 168938K [0x00000000e0000000, 0x00000000ee400000, 0x0000000100000000)
  eden space 142848K, 100% used [0x00000000e0000000,0x00000000e8b80000,0x00000000e8b80000)
  from space 26112K, 99% used [0x00000000e8b80000,0x00000000ea4faa50,0x00000000ea500000)
  to   space 35328K, 0% used [0x00000000ec180000,0x00000000ec180000,0x00000000ee400000)
 ParOldGen       total 96256K, used 72142K [0x00000000a0000000, 0x00000000a5e00000, 0x00000000e0000000)
  object space 96256K, 74% used [0x00000000a0000000,0x00000000a4673998,0x00000000a5e00000)
 Metaspace       used 82143K, capacity 86726K, committed 87040K, reserved 1124352K
  class space    used 10734K, capacity 11679K, committed 11776K, reserved 1048576K
Event: 1123.402 GC heap after
Heap after GC invocations=25 (full 3):
 PSYoungGen      total 193536K, used 31509K [0x00000000e0000000, 0x00000000eea80000, 0x0000000100000000)
  eden space 158208K, 0% used [0x00000000e0000000,0x00000000e0000000,0x00000000e9a80000)
  from space 35328K, 89% used [0x00000000ec180000,0x00000000ee0454d8,0x00000000ee400000)
  to   space 39936K, 0% used [0x00000000e9a80000,0x00000000e9a80000,0x00000000ec180000)
 ParOldGen       total 96256K, used 74753K [0x00000000a0000000, 0x00000000a5e00000, 0x00000000e0000000)
  object space 96256K, 77% used [0x00000000a0000000,0x00000000a4900490,0x00000000a5e00000)
 Metaspace       used 82143K, capacity 86726K, committed 87040K, reserved 1124352K
  class space    used 10734K, capacity 11679K, committed 11776K, reserved 1048576K
}
Event: 1124.363 GC heap before
{Heap before GC invocations=26 (full 3):
 PSYoungGen      total 193536K, used 189717K [0x00000000e0000000, 0x00000000eea80000, 0x0000000100000000)
  eden space 158208K, 100% used [0x00000000e0000000,0x00000000e9a80000,0x00000000e9a80000)
  from space 35328K, 89% used [0x00000000ec180000,0x00000000ee0454d8,0x00000000ee400000)
  to   space 39936K, 0% used [0x00000000e9a80000,0x00000000e9a80000,0x00000000ec180000)
 ParOldGen       total 96256K, used 74753K [0x00000000a0000000, 0x00000000a5e00000, 0x00000000e0000000)
  object space 96256K, 77% used [0x00000000a0000000,0x00000000a4900490,0x00000000a5e00000)
 Metaspace       used 82480K, capacity 87046K, committed 87296K, reserved 1124352K
  class space    used 10768K, capacity 11743K, committed 11776K, reserved 1048576K
Event: 1124.425 GC heap after
Heap after GC invocations=26 (full 3):
 PSYoungGen      total 198144K, used 27477K [0x00000000e0000000, 0x00000000f0980000, 0x0000000100000000)
  eden space 158208K, 0% used [0x00000000e0000000,0x00000000e0000000,0x00000000e9a80000)
  from space 39936K, 68% used [0x00000000e9a80000,0x00000000eb555558,0x00000000ec180000)
  to   space 41984K, 0% used [0x00000000ee080000,0x00000000ee080000,0x00000000f0980000)
 ParOldGen       total 96256K, used 74761K [0x00000000a0000000, 0x00000000a5e00000, 0x00000000e0000000)
  object space 96256K, 77% used [0x00000000a0000000,0x00000000a4902490,0x00000000a5e00000)
 Metaspace       used 82480K, capacity 87046K, committed 87296K, reserved 1124352K
  class space    used 10768K, capacity 11743K, committed 11776K, reserved 1048576K
}
Event: 1130.562 GC heap before
{Heap before GC invocations=27 (full 3):
 PSYoungGen      total 198144K, used 185685K [0x00000000e0000000, 0x00000000f0980000, 0x0000000100000000)
  eden space 158208K, 100% used [0x00000000e0000000,0x00000000e9a80000,0x00000000e9a80000)
  from space 39936K, 68% used [0x00000000e9a80000,0x00000000eb555558,0x00000000ec180000)
  to   space 41984K, 0% used [0x00000000ee080000,0x00000000ee080000,0x00000000f0980000)
 ParOldGen       total 96256K, used 74761K [0x00000000a0000000, 0x00000000a5e00000, 0x00000000e0000000)
  object space 96256K, 77% used [0x00000000a0000000,0x00000000a4902490,0x00000000a5e00000)
 Metaspace       used 88692K, capacity 93234K, committed 93440K, reserved 1130496K
  class space    used 11462K, capacity 12485K, committed 12544K, reserved 1048576K
Event: 1130.640 GC heap after
Heap after GC invocations=27 (full 3):
 PSYoungGen      total 224768K, used 36241K [0x00000000e0000000, 0x00000000f1200000, 0x0000000100000000)
  eden space 182784K, 0% used [0x00000000e0000000,0x00000000e0000000,0x00000000eb280000)
  from space 41984K, 86% used [0x00000000ee080000,0x00000000f03e4438,0x00000000f0980000)
  to   space 47104K, 0% used [0x00000000eb280000,0x00000000eb280000,0x00000000ee080000)
 ParOldGen       total 96256K, used 74777K [0x00000000a0000000, 0x00000000a5e00000, 0x00000000e0000000)
  object space 96256K, 77% used [0x00000000a0000000,0x00000000a4906490,0x00000000a5e00000)
 Metaspace       used 88692K, capacity 93234K, committed 93440K, reserved 1130496K
  class space    used 11462K, capacity 12485K, committed 12544K, reserved 1048576K
}
Event: 1134.000 GC heap before
{Heap before GC invocations=28 (full 3):
 PSYoungGen      total 224768K, used 171144K [0x00000000e0000000, 0x00000000f1200000, 0x0000000100000000)
  eden space 182784K, 73% used [0x00000000e0000000,0x00000000e83bdc60,0x00000000eb280000)
  from space 41984K, 86% used [0x00000000ee080000,0x00000000f03e4438,0x00000000f0980000)
  to   space 47104K, 0% used [0x00000000eb280000,0x00000000eb280000,0x00000000ee080000)
 ParOldGen       total 96256K, used 74777K [0x00000000a0000000, 0x00000000a5e00000, 0x00000000e0000000)
  object space 96256K, 77% used [0x00000000a0000000,0x00000000a4906490,0x00000000a5e00000)
 Metaspace       used 93228K, capacity 98482K, committed 98560K, reserved 1134592K
  class space    used 12134K, capacity 13239K, committed 13312K, reserved 1048576K
Event: 1134.063 GC heap after
Heap after GC invocations=28 (full 3):
 PSYoungGen      total 229888K, used 47097K [0x00000000e0000000, 0x00000000f3700000, 0x0000000100000000)
  eden space 182784K, 0% used [0x00000000e0000000,0x00000000e0000000,0x00000000eb280000)
  from space 47104K, 99% used [0x00000000eb280000,0x00000000ee07e5f8,0x00000000ee080000)
  to   space 55808K, 0% used [0x00000000f0080000,0x00000000f0080000,0x00000000f3700000)
 ParOldGen       total 96256K, used 77537K [0x00000000a0000000, 0x00000000a5e00000, 0x00000000e0000000)
  object space 96256K, 80% used [0x00000000a0000000,0x00000000a4bb86e8,0x00000000a5e00000)
 Metaspace       used 93228K, capacity 98482K, committed 98560K, reserved 1134592K
  class space    used 12134K, capacity 13239K, committed 13312K, reserved 1048576K
}
Event: 1134.063 GC heap before
{Heap before GC invocations=29 (full 4):
 PSYoungGen      total 229888K, used 47097K [0x00000000e0000000, 0x00000000f3700000, 0x0000000100000000)
  eden space 182784K, 0% used [0x00000000e0000000,0x00000000e0000000,0x00000000eb280000)
  from space 47104K, 99% used [0x00000000eb280000,0x00000000ee07e5f8,0x00000000ee080000)
  to   space 55808K, 0% used [0x00000000f0080000,0x00000000f0080000,0x00000000f3700000)
 ParOldGen       total 96256K, used 77537K [0x00000000a0000000, 0x00000000a5e00000, 0x00000000e0000000)
  object space 96256K, 80% used [0x00000000a0000000,0x00000000a4bb86e8,0x00000000a5e00000)
 Metaspace       used 93228K, capacity 98482K, committed 98560K, reserved 1134592K
  class space    used 12134K, capacity 13239K, committed 13312K, reserved 1048576K
Event: 1135.283 GC heap after
Heap after GC invocations=29 (full 4):
 PSYoungGen      total 229888K, used 0K [0x00000000e0000000, 0x00000000f3700000, 0x0000000100000000)
  eden space 182784K, 0% used [0x00000000e0000000,0x00000000e0000000,0x00000000eb280000)
  from space 47104K, 0% used [0x00000000eb280000,0x00000000eb280000,0x00000000ee080000)
  to   space 55808K, 0% used [0x00000000f0080000,0x00000000f0080000,0x00000000f3700000)
 ParOldGen       total 96256K, used 85534K [0x00000000a0000000, 0x00000000a5e00000, 0x00000000e0000000)
  object space 96256K, 88% used [0x00000000a0000000,0x00000000a53878d8,0x00000000a5e00000)
 Metaspace       used 92581K, capacity 96668K, committed 98560K, reserved 1134592K
  class space    used 11918K, capacity 12856K, committed 13312K, reserved 1048576K
}

